2026-04-09 22:58:01,385 | INFO     | ============================================================
2026-04-09 22:58:01,386 | INFO     | INÍCIO ETL INCREMENTAL — 2026-04-09 22:58:01
2026-04-09 22:58:01,386 | INFO     | ============================================================
2026-04-09 22:58:17,197 | ERROR    | ERRO CRÍTICO NA ETL: ('08001', '[08001] [Microsoft][ODBC Driver 17 for SQL Server]TCP Provider: Nenhuma conexăo pôde ser feita porque a máquina de destino as recusou ativamente.\r\n (10061) (SQLDriverConnect); [08001] [Microsoft][ODBC Driver 17 for SQL Server]Login timeout expired (0); [08001] [Microsoft][ODBC Driver 17 for SQL Server]A network-related or instance-specific error has occurred while establishing a connection to SQL Server. Server is not found or not accessible. Check if instance name is correct and if SQL Server is configured to allow remote connections. For more information see SQL Server Books Online. (10061)')
Traceback (most recent call last):
  File "C:\Users\CASA\PycharmProjects\AdventureWorks\etl_incremental_sqlserver.py", line 669, in executar_etl
    oltp_conn = get_conn(OLTP_CONN_STR)
  File "C:\Users\CASA\PycharmProjects\AdventureWorks\etl_incremental_sqlserver.py", line 66, in get_conn
    conn = pyodbc.connect(conn_str)
pyodbc.OperationalError: ('08001', '[08001] [Microsoft][ODBC Driver 17 for SQL Server]TCP Provider: Nenhuma conexăo pôde ser feita porque a máquina de destino as recusou ativamente.\r\n (10061) (SQLDriverConnect); [08001] [Microsoft][ODBC Driver 17 for SQL Server]Login timeout expired (0); [08001] [Microsoft][ODBC Driver 17 for SQL Server]A network-related or instance-specific error has occurred while establishing a connection to SQL Server. Server is not found or not accessible. Check if instance name is correct and if SQL Server is configured to allow remote connections. For more information see SQL Server Books Online. (10061)')
2026-04-09 22:59:37,465 | INFO     | ============================================================
2026-04-09 22:59:37,466 | INFO     | INÍCIO ETL INCREMENTAL — 2026-04-09 22:59:37
2026-04-09 22:59:37,466 | INFO     | ============================================================
2026-04-09 22:59:37,502 | INFO     | dim_tempo: gerando datas de 2011-01-01 até 2014-12-31
2026-04-09 22:59:37,693 | INFO     | dim_tempo: 1461 registros inseridos.
2026-04-09 22:59:37,694 | INFO     | dim_territorio: iniciando...
2026-04-09 22:59:37,717 | INFO     | dim_territorio: 10 inseridos, 0 atualizados.
2026-04-09 22:59:37,717 | INFO     | dim_promocao: iniciando...
2026-04-09 22:59:37,748 | INFO     | dim_promocao: 16 inseridos, 0 atualizados.
2026-04-09 22:59:37,748 | INFO     | dim_produto: iniciando...
2026-04-09 22:59:37,767 | ERROR    | ERRO CRÍTICO NA ETL: ('42000', "[42000] [Microsoft][ODBC Driver 17 for SQL Server][SQL Server]Os dados de sequęncia ou binários estăo truncados na tabela 'AdventureWorks_dw.dbo.dim_produto', coluna 'classe'. Valor truncado: 'N/'. (2628) (SQLExecDirectW); [42000] [Microsoft][ODBC Driver 17 for SQL Server][SQL Server]A instruçăo foi finalizada. (3621)")
Traceback (most recent call last):
  File "C:\Users\CASA\PycharmProjects\AdventureWorks\etl_incremental_sqlserver.py", line 681, in executar_etl
    etl_dim_produto(oltp_conn, dw_conn)
  File "C:\Users\CASA\PycharmProjects\AdventureWorks\etl_incremental_sqlserver.py", line 204, in etl_dim_produto
    dw_cur.execute("""
pyodbc.ProgrammingError: ('42000', "[42000] [Microsoft][ODBC Driver 17 for SQL Server][SQL Server]Os dados de sequęncia ou binários estăo truncados na tabela 'AdventureWorks_dw.dbo.dim_produto', coluna 'classe'. Valor truncado: 'N/'. (2628) (SQLExecDirectW); [42000] [Microsoft][ODBC Driver 17 for SQL Server][SQL Server]A instruçăo foi finalizada. (3621)")
2026-04-09 23:02:45,451 | INFO     | ============================================================
2026-04-09 23:02:45,451 | INFO     | INÍCIO ETL INCREMENTAL — 2026-04-09 23:02:45
2026-04-09 23:02:45,452 | INFO     | ============================================================
2026-04-09 23:02:45,472 | INFO     | dim_tempo: gerando datas de 2011-01-01 até 2014-12-31
2026-04-09 23:02:45,924 | INFO     | dim_tempo: 1461 registros inseridos.
2026-04-09 23:02:45,924 | INFO     | dim_territorio: iniciando...
2026-04-09 23:02:45,944 | INFO     | dim_territorio: 10 inseridos, 0 atualizados.
2026-04-09 23:02:45,944 | INFO     | dim_promocao: iniciando...
2026-04-09 23:02:45,973 | INFO     | dim_promocao: 16 inseridos, 0 atualizados.
2026-04-09 23:02:45,973 | INFO     | dim_produto: iniciando...
2026-04-09 23:02:46,287 | INFO     | dim_produto: 504 inseridos, 0 atualizados.
2026-04-09 23:02:46,287 | INFO     | dim_cliente: iniciando...
2026-04-09 23:03:36,701 | INFO     | dim_cliente: 19837 inseridos, 17 atualizados.
2026-04-09 23:03:36,710 | INFO     | dim_vendedor: iniciando...
2026-04-09 23:03:36,735 | INFO     | dim_vendedor: 17 inseridos, 0 atualizados.
2026-04-09 23:03:36,735 | INFO     | fato_vendas: iniciando...
2026-04-09 23:03:37,905 | INFO     |   fato_vendas: 500 inseridos / 0 atualizados até agora...
2026-04-09 23:03:38,393 | INFO     |   fato_vendas: 1000 inseridos / 0 atualizados até agora...
2026-04-09 23:03:39,166 | INFO     |   fato_vendas: 1500 inseridos / 0 atualizados até agora...
2026-04-09 23:03:39,704 | INFO     |   fato_vendas: 2000 inseridos / 0 atualizados até agora...
2026-04-09 23:03:40,297 | INFO     |   fato_vendas: 2500 inseridos / 0 atualizados até agora...
2026-04-09 23:03:41,139 | INFO     |   fato_vendas: 3000 inseridos / 0 atualizados até agora...
2026-04-09 23:03:41,563 | INFO     |   fato_vendas: 3500 inseridos / 0 atualizados até agora...
2026-04-09 23:03:42,349 | INFO     |   fato_vendas: 4000 inseridos / 0 atualizados até agora...
2026-04-09 23:03:43,072 | INFO     |   fato_vendas: 4500 inseridos / 0 atualizados até agora...
2026-04-09 23:03:43,797 | INFO     |   fato_vendas: 5000 inseridos / 0 atualizados até agora...
2026-04-09 23:03:44,873 | INFO     |   fato_vendas: 5500 inseridos / 0 atualizados até agora...
2026-04-09 23:03:45,825 | INFO     |   fato_vendas: 6000 inseridos / 0 atualizados até agora...
2026-04-09 23:03:46,656 | INFO     |   fato_vendas: 6500 inseridos / 0 atualizados até agora...
2026-04-09 23:03:47,812 | INFO     |   fato_vendas: 7000 inseridos / 0 atualizados até agora...
2026-04-09 23:03:48,772 | INFO     |   fato_vendas: 7500 inseridos / 0 atualizados até agora...
2026-04-09 23:03:49,788 | INFO     |   fato_vendas: 8000 inseridos / 0 atualizados até agora...
2026-04-09 23:03:50,929 | INFO     |   fato_vendas: 8500 inseridos / 0 atualizados até agora...
2026-04-09 23:03:51,253 | INFO     |   fato_vendas: 9000 inseridos / 0 atualizados até agora...
2026-04-09 23:03:51,652 | INFO     |   fato_vendas: 9500 inseridos / 0 atualizados até agora...
2026-04-09 23:03:52,261 | INFO     |   fato_vendas: 10000 inseridos / 0 atualizados até agora...
2026-04-09 23:03:52,870 | INFO     |   fato_vendas: 10500 inseridos / 0 atualizados até agora...
2026-04-09 23:03:53,674 | INFO     |   fato_vendas: 11000 inseridos / 0 atualizados até agora...
2026-04-09 23:03:54,100 | INFO     |   fato_vendas: 11500 inseridos / 0 atualizados até agora...
2026-04-09 23:03:54,463 | INFO     |   fato_vendas: 12000 inseridos / 0 atualizados até agora...
2026-04-09 23:03:54,994 | INFO     |   fato_vendas: 12500 inseridos / 0 atualizados até agora...
2026-04-09 23:03:55,657 | INFO     |   fato_vendas: 13000 inseridos / 0 atualizados até agora...
2026-04-09 23:03:56,390 | INFO     |   fato_vendas: 13500 inseridos / 0 atualizados até agora...
2026-04-09 23:03:56,812 | INFO     |   fato_vendas: 14000 inseridos / 0 atualizados até agora...
2026-04-09 23:03:57,194 | INFO     |   fato_vendas: 14500 inseridos / 0 atualizados até agora...
2026-04-09 23:03:57,589 | INFO     |   fato_vendas: 15000 inseridos / 0 atualizados até agora...
2026-04-09 23:03:57,977 | INFO     |   fato_vendas: 15500 inseridos / 0 atualizados até agora...
2026-04-09 23:03:58,839 | INFO     |   fato_vendas: 16000 inseridos / 0 atualizados até agora...
2026-04-09 23:03:59,659 | INFO     |   fato_vendas: 16500 inseridos / 0 atualizados até agora...
2026-04-09 23:04:00,171 | INFO     |   fato_vendas: 17000 inseridos / 0 atualizados até agora...
2026-04-09 23:04:00,623 | INFO     |   fato_vendas: 17500 inseridos / 0 atualizados até agora...
2026-04-09 23:04:01,079 | INFO     |   fato_vendas: 18000 inseridos / 0 atualizados até agora...
2026-04-09 23:04:01,946 | INFO     |   fato_vendas: 18500 inseridos / 0 atualizados até agora...
2026-04-09 23:04:02,423 | INFO     |   fato_vendas: 19000 inseridos / 0 atualizados até agora...
2026-04-09 23:04:02,888 | INFO     |   fato_vendas: 19500 inseridos / 0 atualizados até agora...
2026-04-09 23:04:04,043 | INFO     |   fato_vendas: 20000 inseridos / 0 atualizados até agora...
2026-04-09 23:04:04,697 | INFO     |   fato_vendas: 20500 inseridos / 0 atualizados até agora...
2026-04-09 23:04:05,180 | INFO     |   fato_vendas: 21000 inseridos / 0 atualizados até agora...
2026-04-09 23:04:05,680 | INFO     |   fato_vendas: 21500 inseridos / 0 atualizados até agora...
2026-04-09 23:04:06,224 | INFO     |   fato_vendas: 22000 inseridos / 0 atualizados até agora...
2026-04-09 23:04:07,136 | INFO     |   fato_vendas: 22500 inseridos / 0 atualizados até agora...
2026-04-09 23:04:07,707 | INFO     |   fato_vendas: 23000 inseridos / 0 atualizados até agora...
2026-04-09 23:04:08,265 | INFO     |   fato_vendas: 23500 inseridos / 0 atualizados até agora...
2026-04-09 23:04:08,811 | INFO     |   fato_vendas: 24000 inseridos / 0 atualizados até agora...
2026-04-09 23:04:10,084 | INFO     |   fato_vendas: 24500 inseridos / 0 atualizados até agora...
2026-04-09 23:04:11,000 | INFO     |   fato_vendas: 25000 inseridos / 0 atualizados até agora...
2026-04-09 23:04:11,667 | INFO     |   fato_vendas: 25500 inseridos / 0 atualizados até agora...
2026-04-09 23:04:12,688 | INFO     |   fato_vendas: 26000 inseridos / 0 atualizados até agora...
2026-04-09 23:04:13,282 | INFO     |   fato_vendas: 26500 inseridos / 0 atualizados até agora...
2026-04-09 23:04:13,883 | INFO     |   fato_vendas: 27000 inseridos / 0 atualizados até agora...
2026-04-09 23:04:14,680 | INFO     |   fato_vendas: 27500 inseridos / 0 atualizados até agora...
2026-04-09 23:04:15,606 | INFO     |   fato_vendas: 28000 inseridos / 0 atualizados até agora...
2026-04-09 23:04:16,241 | INFO     |   fato_vendas: 28500 inseridos / 0 atualizados até agora...
2026-04-09 23:04:17,097 | INFO     |   fato_vendas: 29000 inseridos / 0 atualizados até agora...
2026-04-09 23:04:18,491 | INFO     |   fato_vendas: 29500 inseridos / 0 atualizados até agora...
2026-04-09 23:04:19,227 | INFO     |   fato_vendas: 30000 inseridos / 0 atualizados até agora...
2026-04-09 23:04:19,906 | INFO     |   fato_vendas: 30500 inseridos / 0 atualizados até agora...
2026-04-09 23:04:21,124 | INFO     |   fato_vendas: 31000 inseridos / 0 atualizados até agora...
2026-04-09 23:04:21,826 | INFO     |   fato_vendas: 31500 inseridos / 0 atualizados até agora...
2026-04-09 23:04:22,537 | INFO     |   fato_vendas: 32000 inseridos / 0 atualizados até agora...
2026-04-09 23:04:23,284 | INFO     |   fato_vendas: 32500 inseridos / 0 atualizados até agora...
2026-04-09 23:04:24,065 | INFO     |   fato_vendas: 33000 inseridos / 0 atualizados até agora...
2026-04-09 23:04:25,430 | INFO     |   fato_vendas: 33500 inseridos / 0 atualizados até agora...
2026-04-09 23:04:26,270 | INFO     |   fato_vendas: 34000 inseridos / 0 atualizados até agora...
2026-04-09 23:04:27,025 | INFO     |   fato_vendas: 34500 inseridos / 0 atualizados até agora...
2026-04-09 23:04:28,203 | INFO     |   fato_vendas: 35000 inseridos / 0 atualizados até agora...
2026-04-09 23:04:29,527 | INFO     |   fato_vendas: 35500 inseridos / 0 atualizados até agora...
2026-04-09 23:04:30,698 | INFO     |   fato_vendas: 36000 inseridos / 0 atualizados até agora...
2026-04-09 23:04:31,621 | INFO     |   fato_vendas: 36500 inseridos / 0 atualizados até agora...
2026-04-09 23:04:32,524 | INFO     |   fato_vendas: 37000 inseridos / 0 atualizados até agora...
2026-04-09 23:04:33,400 | INFO     |   fato_vendas: 37500 inseridos / 0 atualizados até agora...
2026-04-09 23:04:34,396 | INFO     |   fato_vendas: 38000 inseridos / 0 atualizados até agora...
2026-04-09 23:04:35,409 | INFO     |   fato_vendas: 38500 inseridos / 0 atualizados até agora...
2026-04-09 23:04:36,452 | INFO     |   fato_vendas: 39000 inseridos / 0 atualizados até agora...
2026-04-09 23:04:37,414 | INFO     |   fato_vendas: 39500 inseridos / 0 atualizados até agora...
2026-04-09 23:04:38,378 | INFO     |   fato_vendas: 40000 inseridos / 0 atualizados até agora...
2026-04-09 23:04:39,605 | INFO     |   fato_vendas: 40500 inseridos / 0 atualizados até agora...
2026-04-09 23:04:40,883 | INFO     |   fato_vendas: 41000 inseridos / 0 atualizados até agora...
2026-04-09 23:04:42,025 | INFO     |   fato_vendas: 41500 inseridos / 0 atualizados até agora...
2026-04-09 23:04:43,053 | INFO     |   fato_vendas: 42000 inseridos / 0 atualizados até agora...
2026-04-09 23:04:44,043 | INFO     |   fato_vendas: 42500 inseridos / 0 atualizados até agora...
2026-04-09 23:04:45,162 | INFO     |   fato_vendas: 43000 inseridos / 0 atualizados até agora...
2026-04-09 23:04:46,525 | INFO     |   fato_vendas: 43500 inseridos / 0 atualizados até agora...
2026-04-09 23:04:47,861 | INFO     |   fato_vendas: 44000 inseridos / 0 atualizados até agora...
2026-04-09 23:04:49,145 | INFO     |   fato_vendas: 44500 inseridos / 0 atualizados até agora...
2026-04-09 23:04:50,562 | INFO     |   fato_vendas: 45000 inseridos / 0 atualizados até agora...
2026-04-09 23:04:51,967 | INFO     |   fato_vendas: 45500 inseridos / 0 atualizados até agora...
2026-04-09 23:04:53,344 | INFO     |   fato_vendas: 46000 inseridos / 0 atualizados até agora...
2026-04-09 23:04:54,792 | INFO     |   fato_vendas: 46500 inseridos / 0 atualizados até agora...
2026-04-09 23:04:56,462 | INFO     |   fato_vendas: 47000 inseridos / 0 atualizados até agora...
2026-04-09 23:04:57,663 | INFO     |   fato_vendas: 47500 inseridos / 0 atualizados até agora...
2026-04-09 23:04:58,794 | INFO     |   fato_vendas: 48000 inseridos / 0 atualizados até agora...
2026-04-09 23:04:59,993 | INFO     |   fato_vendas: 48500 inseridos / 0 atualizados até agora...
2026-04-09 23:05:01,179 | INFO     |   fato_vendas: 49000 inseridos / 0 atualizados até agora...
2026-04-09 23:05:02,317 | INFO     |   fato_vendas: 49500 inseridos / 0 atualizados até agora...
2026-04-09 23:05:03,506 | INFO     |   fato_vendas: 50000 inseridos / 0 atualizados até agora...
2026-04-09 23:05:04,859 | INFO     |   fato_vendas: 50500 inseridos / 0 atualizados até agora...
2026-04-09 23:05:06,486 | INFO     |   fato_vendas: 51000 inseridos / 0 atualizados até agora...
2026-04-09 23:05:08,068 | INFO     |   fato_vendas: 51500 inseridos / 0 atualizados até agora...
2026-04-09 23:05:09,592 | INFO     |   fato_vendas: 52000 inseridos / 0 atualizados até agora...
2026-04-09 23:05:11,118 | INFO     |   fato_vendas: 52500 inseridos / 0 atualizados até agora...
2026-04-09 23:05:12,688 | INFO     |   fato_vendas: 53000 inseridos / 0 atualizados até agora...
2026-04-09 23:05:14,221 | INFO     |   fato_vendas: 53500 inseridos / 0 atualizados até agora...
2026-04-09 23:05:15,968 | INFO     |   fato_vendas: 54000 inseridos / 0 atualizados até agora...
2026-04-09 23:05:17,619 | INFO     |   fato_vendas: 54500 inseridos / 0 atualizados até agora...
2026-04-09 23:05:19,077 | INFO     |   fato_vendas: 55000 inseridos / 0 atualizados até agora...
2026-04-09 23:05:20,466 | INFO     |   fato_vendas: 55500 inseridos / 0 atualizados até agora...
2026-04-09 23:05:21,759 | INFO     |   fato_vendas: 56000 inseridos / 0 atualizados até agora...
2026-04-09 23:05:23,235 | INFO     |   fato_vendas: 56500 inseridos / 0 atualizados até agora...
2026-04-09 23:05:24,796 | INFO     |   fato_vendas: 57000 inseridos / 0 atualizados até agora...
2026-04-09 23:05:26,395 | INFO     |   fato_vendas: 57500 inseridos / 0 atualizados até agora...
2026-04-09 23:05:27,961 | INFO     |   fato_vendas: 58000 inseridos / 0 atualizados até agora...
2026-04-09 23:05:29,673 | INFO     |   fato_vendas: 58500 inseridos / 0 atualizados até agora...
2026-04-09 23:05:31,371 | INFO     |   fato_vendas: 59000 inseridos / 0 atualizados até agora...
2026-04-09 23:05:33,009 | INFO     |   fato_vendas: 59500 inseridos / 0 atualizados até agora...
2026-04-09 23:05:34,617 | INFO     |   fato_vendas: 60000 inseridos / 0 atualizados até agora...
2026-04-09 23:05:36,194 | INFO     |   fato_vendas: 60500 inseridos / 0 atualizados até agora...
2026-04-09 23:05:37,822 | INFO     |   fato_vendas: 61000 inseridos / 0 atualizados até agora...
2026-04-09 23:05:39,516 | INFO     |   fato_vendas: 61500 inseridos / 0 atualizados até agora...
2026-04-09 23:05:40,944 | INFO     |   fato_vendas: 62000 inseridos / 0 atualizados até agora...
2026-04-09 23:05:42,371 | INFO     |   fato_vendas: 62500 inseridos / 0 atualizados até agora...
2026-04-09 23:05:43,786 | INFO     |   fato_vendas: 63000 inseridos / 0 atualizados até agora...
2026-04-09 23:05:45,428 | INFO     |   fato_vendas: 63500 inseridos / 0 atualizados até agora...
2026-04-09 23:05:47,173 | INFO     |   fato_vendas: 64000 inseridos / 0 atualizados até agora...
2026-04-09 23:05:48,905 | INFO     |   fato_vendas: 64500 inseridos / 0 atualizados até agora...
2026-04-09 23:05:50,623 | INFO     |   fato_vendas: 65000 inseridos / 0 atualizados até agora...
2026-04-09 23:05:52,382 | INFO     |   fato_vendas: 65500 inseridos / 0 atualizados até agora...
2026-04-09 23:05:54,141 | INFO     |   fato_vendas: 66000 inseridos / 0 atualizados até agora...
2026-04-09 23:05:55,876 | INFO     |   fato_vendas: 66500 inseridos / 0 atualizados até agora...
2026-04-09 23:05:57,610 | INFO     |   fato_vendas: 67000 inseridos / 0 atualizados até agora...
2026-04-09 23:05:59,380 | INFO     |   fato_vendas: 67500 inseridos / 0 atualizados até agora...
2026-04-09 23:06:00,923 | INFO     |   fato_vendas: 68000 inseridos / 0 atualizados até agora...
2026-04-09 23:06:02,492 | INFO     |   fato_vendas: 68500 inseridos / 0 atualizados até agora...
2026-04-09 23:06:04,604 | INFO     |   fato_vendas: 69000 inseridos / 0 atualizados até agora...
2026-04-09 23:06:06,226 | INFO     |   fato_vendas: 69500 inseridos / 0 atualizados até agora...
2026-04-09 23:06:07,848 | INFO     |   fato_vendas: 70000 inseridos / 0 atualizados até agora...
2026-04-09 23:06:09,519 | INFO     |   fato_vendas: 70500 inseridos / 0 atualizados até agora...
2026-04-09 23:06:11,390 | INFO     |   fato_vendas: 71000 inseridos / 0 atualizados até agora...
2026-04-09 23:06:13,311 | INFO     |   fato_vendas: 71500 inseridos / 0 atualizados até agora...
2026-04-09 23:06:15,309 | INFO     |   fato_vendas: 72000 inseridos / 0 atualizados até agora...
2026-04-09 23:06:17,355 | INFO     |   fato_vendas: 72500 inseridos / 0 atualizados até agora...
2026-04-09 23:06:19,284 | INFO     |   fato_vendas: 73000 inseridos / 0 atualizados até agora...
2026-04-09 23:06:21,206 | INFO     |   fato_vendas: 73500 inseridos / 0 atualizados até agora...
2026-04-09 23:06:23,096 | INFO     |   fato_vendas: 74000 inseridos / 0 atualizados até agora...
2026-04-09 23:06:25,024 | INFO     |   fato_vendas: 74500 inseridos / 0 atualizados até agora...
2026-04-09 23:06:26,958 | INFO     |   fato_vendas: 75000 inseridos / 0 atualizados até agora...
2026-04-09 23:06:28,945 | INFO     |   fato_vendas: 75500 inseridos / 0 atualizados até agora...
2026-04-09 23:06:30,808 | INFO     |   fato_vendas: 76000 inseridos / 0 atualizados até agora...
2026-04-09 23:06:32,568 | INFO     |   fato_vendas: 76500 inseridos / 0 atualizados até agora...
2026-04-09 23:06:34,321 | INFO     |   fato_vendas: 77000 inseridos / 0 atualizados até agora...
2026-04-09 23:06:36,761 | INFO     |   fato_vendas: 77500 inseridos / 0 atualizados até agora...
2026-04-09 23:06:38,772 | INFO     |   fato_vendas: 78000 inseridos / 0 atualizados até agora...
2026-04-09 23:06:40,908 | INFO     |   fato_vendas: 78500 inseridos / 0 atualizados até agora...
2026-04-09 23:06:42,936 | INFO     |   fato_vendas: 79000 inseridos / 0 atualizados até agora...
2026-04-09 23:06:44,968 | INFO     |   fato_vendas: 79500 inseridos / 0 atualizados até agora...
2026-04-09 23:06:47,042 | INFO     |   fato_vendas: 80000 inseridos / 0 atualizados até agora...
2026-04-09 23:06:49,120 | INFO     |   fato_vendas: 80500 inseridos / 0 atualizados até agora...
2026-04-09 23:06:51,210 | INFO     |   fato_vendas: 81000 inseridos / 0 atualizados até agora...
2026-04-09 23:06:53,279 | INFO     |   fato_vendas: 81500 inseridos / 0 atualizados até agora...
2026-04-09 23:06:55,405 | INFO     |   fato_vendas: 82000 inseridos / 0 atualizados até agora...
2026-04-09 23:06:57,343 | INFO     |   fato_vendas: 82500 inseridos / 0 atualizados até agora...
2026-04-09 23:06:59,269 | INFO     |   fato_vendas: 83000 inseridos / 0 atualizados até agora...
2026-04-09 23:07:01,211 | INFO     |   fato_vendas: 83500 inseridos / 0 atualizados até agora...
2026-04-09 23:07:03,246 | INFO     |   fato_vendas: 84000 inseridos / 0 atualizados até agora...
2026-04-09 23:07:05,392 | INFO     |   fato_vendas: 84500 inseridos / 0 atualizados até agora...
2026-04-09 23:07:07,568 | INFO     |   fato_vendas: 85000 inseridos / 0 atualizados até agora...
2026-04-09 23:07:09,803 | INFO     |   fato_vendas: 85500 inseridos / 0 atualizados até agora...
2026-04-09 23:07:12,357 | INFO     |   fato_vendas: 86000 inseridos / 0 atualizados até agora...
2026-04-09 23:07:14,577 | INFO     |   fato_vendas: 86500 inseridos / 0 atualizados até agora...
2026-04-09 23:07:16,838 | INFO     |   fato_vendas: 87000 inseridos / 0 atualizados até agora...
2026-04-09 23:07:19,076 | INFO     |   fato_vendas: 87500 inseridos / 0 atualizados até agora...
2026-04-09 23:07:21,336 | INFO     |   fato_vendas: 88000 inseridos / 0 atualizados até agora...
2026-04-09 23:07:23,730 | INFO     |   fato_vendas: 88500 inseridos / 0 atualizados até agora...
2026-04-09 23:07:25,950 | INFO     |   fato_vendas: 89000 inseridos / 0 atualizados até agora...
2026-04-09 23:07:28,094 | INFO     |   fato_vendas: 89500 inseridos / 0 atualizados até agora...
2026-04-09 23:07:30,135 | INFO     |   fato_vendas: 90000 inseridos / 0 atualizados até agora...
2026-04-09 23:07:32,176 | INFO     |   fato_vendas: 90500 inseridos / 0 atualizados até agora...
2026-04-09 23:07:34,460 | INFO     |   fato_vendas: 91000 inseridos / 0 atualizados até agora...
2026-04-09 23:07:36,804 | INFO     |   fato_vendas: 91500 inseridos / 0 atualizados até agora...
2026-04-09 23:07:39,149 | INFO     |   fato_vendas: 92000 inseridos / 0 atualizados até agora...
2026-04-09 23:07:41,453 | INFO     |   fato_vendas: 92500 inseridos / 0 atualizados até agora...
2026-04-09 23:07:43,787 | INFO     |   fato_vendas: 93000 inseridos / 0 atualizados até agora...
2026-04-09 23:07:46,118 | INFO     |   fato_vendas: 93500 inseridos / 0 atualizados até agora...
2026-04-09 23:07:48,530 | INFO     |   fato_vendas: 94000 inseridos / 0 atualizados até agora...
2026-04-09 23:07:50,877 | INFO     |   fato_vendas: 94500 inseridos / 0 atualizados até agora...
2026-04-09 23:07:53,261 | INFO     |   fato_vendas: 95000 inseridos / 0 atualizados até agora...
2026-04-09 23:07:56,119 | INFO     |   fato_vendas: 95500 inseridos / 0 atualizados até agora...
2026-04-09 23:07:58,377 | INFO     |   fato_vendas: 96000 inseridos / 0 atualizados até agora...
2026-04-09 23:08:00,591 | INFO     |   fato_vendas: 96500 inseridos / 0 atualizados até agora...
2026-04-09 23:08:02,827 | INFO     |   fato_vendas: 97000 inseridos / 0 atualizados até agora...
2026-04-09 23:08:05,233 | INFO     |   fato_vendas: 97500 inseridos / 0 atualizados até agora...
2026-04-09 23:08:07,685 | INFO     |   fato_vendas: 98000 inseridos / 0 atualizados até agora...
2026-04-09 23:08:10,160 | INFO     |   fato_vendas: 98500 inseridos / 0 atualizados até agora...
2026-04-09 23:08:12,650 | INFO     |   fato_vendas: 99000 inseridos / 0 atualizados até agora...
2026-04-09 23:08:15,213 | INFO     |   fato_vendas: 99500 inseridos / 0 atualizados até agora...
2026-04-09 23:08:17,703 | INFO     |   fato_vendas: 100000 inseridos / 0 atualizados até agora...
2026-04-09 23:08:20,171 | INFO     |   fato_vendas: 100500 inseridos / 0 atualizados até agora...
2026-04-09 23:08:22,685 | INFO     |   fato_vendas: 101000 inseridos / 0 atualizados até agora...
2026-04-09 23:08:25,239 | INFO     |   fato_vendas: 101500 inseridos / 0 atualizados até agora...
2026-04-09 23:08:27,830 | INFO     |   fato_vendas: 102000 inseridos / 0 atualizados até agora...
2026-04-09 23:08:30,315 | INFO     |   fato_vendas: 102500 inseridos / 0 atualizados até agora...
2026-04-09 23:08:32,744 | INFO     |   fato_vendas: 103000 inseridos / 0 atualizados até agora...
2026-04-09 23:08:35,162 | INFO     |   fato_vendas: 103500 inseridos / 0 atualizados até agora...
2026-04-09 23:08:37,573 | INFO     |   fato_vendas: 104000 inseridos / 0 atualizados até agora...
2026-04-09 23:08:39,971 | INFO     |   fato_vendas: 104500 inseridos / 0 atualizados até agora...
2026-04-09 23:08:42,937 | INFO     |   fato_vendas: 105000 inseridos / 0 atualizados até agora...
2026-04-09 23:08:45,654 | INFO     |   fato_vendas: 105500 inseridos / 0 atualizados até agora...
2026-04-09 23:08:48,309 | INFO     |   fato_vendas: 106000 inseridos / 0 atualizados até agora...
2026-04-09 23:08:50,923 | INFO     |   fato_vendas: 106500 inseridos / 0 atualizados até agora...
2026-04-09 23:08:53,526 | INFO     |   fato_vendas: 107000 inseridos / 0 atualizados até agora...
2026-04-09 23:08:56,194 | INFO     |   fato_vendas: 107500 inseridos / 0 atualizados até agora...
2026-04-09 23:08:58,928 | INFO     |   fato_vendas: 108000 inseridos / 0 atualizados até agora...
2026-04-09 23:09:01,651 | INFO     |   fato_vendas: 108500 inseridos / 0 atualizados até agora...
2026-04-09 23:09:04,345 | INFO     |   fato_vendas: 109000 inseridos / 0 atualizados até agora...
2026-04-09 23:09:07,033 | INFO     |   fato_vendas: 109500 inseridos / 0 atualizados até agora...
2026-04-09 23:09:09,790 | INFO     |   fato_vendas: 110000 inseridos / 0 atualizados até agora...
2026-04-09 23:09:12,583 | INFO     |   fato_vendas: 110500 inseridos / 0 atualizados até agora...
2026-04-09 23:09:15,220 | INFO     |   fato_vendas: 111000 inseridos / 0 atualizados até agora...
2026-04-09 23:09:17,741 | INFO     |   fato_vendas: 111500 inseridos / 0 atualizados até agora...
2026-04-09 23:09:20,308 | INFO     |   fato_vendas: 112000 inseridos / 0 atualizados até agora...
2026-04-09 23:09:22,924 | INFO     |   fato_vendas: 112500 inseridos / 0 atualizados até agora...
2026-04-09 23:09:25,504 | INFO     |   fato_vendas: 113000 inseridos / 0 atualizados até agora...
2026-04-09 23:09:28,123 | INFO     |   fato_vendas: 113500 inseridos / 0 atualizados até agora...
2026-04-09 23:09:30,895 | INFO     |   fato_vendas: 114000 inseridos / 0 atualizados até agora...
2026-04-09 23:09:33,657 | INFO     |   fato_vendas: 114500 inseridos / 0 atualizados até agora...
2026-04-09 23:09:36,653 | INFO     |   fato_vendas: 115000 inseridos / 0 atualizados até agora...
2026-04-09 23:09:39,696 | INFO     |   fato_vendas: 115500 inseridos / 0 atualizados até agora...
2026-04-09 23:09:42,503 | INFO     |   fato_vendas: 116000 inseridos / 0 atualizados até agora...
2026-04-09 23:09:45,322 | INFO     |   fato_vendas: 116500 inseridos / 0 atualizados até agora...
2026-04-09 23:09:48,175 | INFO     |   fato_vendas: 117000 inseridos / 0 atualizados até agora...
2026-04-09 23:09:51,074 | INFO     |   fato_vendas: 117500 inseridos / 0 atualizados até agora...
2026-04-09 23:09:53,924 | INFO     |   fato_vendas: 118000 inseridos / 0 atualizados até agora...
2026-04-09 23:09:56,792 | INFO     |   fato_vendas: 118500 inseridos / 0 atualizados até agora...
2026-04-09 23:09:59,697 | INFO     |   fato_vendas: 119000 inseridos / 0 atualizados até agora...
2026-04-09 23:10:02,631 | INFO     |   fato_vendas: 119500 inseridos / 0 atualizados até agora...
2026-04-09 23:10:05,614 | INFO     |   fato_vendas: 120000 inseridos / 0 atualizados até agora...
2026-04-09 23:10:08,628 | INFO     |   fato_vendas: 120500 inseridos / 0 atualizados até agora...
2026-04-09 23:10:11,612 | INFO     |   fato_vendas: 121000 inseridos / 0 atualizados até agora...
2026-04-09 23:10:13,543 | INFO     |   fato_vendas: 121317 inseridos / 0 atualizados até agora...
2026-04-09 23:10:13,544 | INFO     | fato_vendas: CONCLUÍDO — 121317 inseridos, 0 atualizados.
2026-04-09 23:10:13,545 | INFO     | ============================================================
2026-04-09 23:10:13,546 | INFO     | ETL CONCLUÍDO com sucesso em 448.1 segundos.
2026-04-09 23:10:13,546 | INFO     | ============================================================
